0 info it worked if it ends with ok
1 verbose cli [ 'C:\\Users\\SkyRider\\AppData\\Local\\atom\\app-1.25.1\\resources\\app\\apm\\bin\\node.exe',
1 verbose cli   'C:\\Users\\SkyRider\\AppData\\Local\\atom\\app-1.25.1\\resources\\app\\apm\\node_modules\\npm\\bin\\npm-cli.js',
1 verbose cli   'version',
1 verbose cli   'v1.0.1',
1 verbose cli   '-m',
1 verbose cli   'Prepare %s release' ]
2 info using npm@3.10.10
3 info using node@v6.9.5
4 verbose stack Error: Version not changed
4 verbose stack     at persistVersion (C:\Users\SkyRider\AppData\Local\atom\app-1.25.1\resources\app\apm\node_modules\npm\lib\version.js:92:47)
4 verbose stack     at C:\Users\SkyRider\AppData\Local\atom\app-1.25.1\resources\app\apm\node_modules\npm\lib\version.js:47:7
4 verbose stack     at C:\Users\SkyRider\AppData\Local\atom\app-1.25.1\resources\app\apm\node_modules\npm\lib\version.js:119:5
4 verbose stack     at C:\Users\SkyRider\AppData\Local\atom\app-1.25.1\resources\app\apm\node_modules\npm\node_modules\graceful-fs\graceful-fs.js:78:16
4 verbose stack     at FSReqWrap.readFileAfterClose [as oncomplete] (fs.js:445:3)
5 verbose cwd C:\Users\SkyRider\.atom\packages\coffee-color-dark-syntax
6 error Windows_NT 10.0.14393
7 error argv "C:\\Users\\SkyRider\\AppData\\Local\\atom\\app-1.25.1\\resources\\app\\apm\\bin\\node.exe" "C:\\Users\\SkyRider\\AppData\\Local\\atom\\app-1.25.1\\resources\\app\\apm\\node_modules\\npm\\bin\\npm-cli.js" "version" "v1.0.1" "-m" "Prepare %s release"
8 error node v6.9.5
9 error npm  v3.10.10
10 error Version not changed
11 error If you need help, you may report this error at:
11 error     <https://github.com/npm/npm/issues>
12 verbose exit [ 1, true ]
